<?xml version="1.0" encoding="UTF-8"?>
<!-- Generated by org.testng.reporters.JUnitXMLReporter -->
<testsuite ignored="0" hostname="Maninders-Laptop.local" failures="0" tests="6" name="Default test" time="61.369" errors="0" timestamp="2023-07-27T00:01:20 EDT">
  <testcase classname="com.automation.homeassignments.July_23rd_Assignment" name="loginTestCSS1" time="2.447"/>
  <testcase classname="com.automation.homeassignments.July_23rd_Assignment" name="loginTestCSS2" time="2.042"/>
  <testcase classname="com.automation.homeassignments.July_23rd_Assignment" name="loginTestCSS3" time="2.634"/>
  <testcase classname="com.automation.homeassignments.July_23rd_Assignment" name="registerTestCSS1" time="2.522"/>
  <testcase classname="com.automation.homeassignments.July_23rd_Assignment" name="registerTestCSS2" time="2.224"/>
  <testcase classname="com.automation.homeassignments.July_23rd_Assignment" name="registerTestCSS3" time="2.549"/>
</testsuite> <!-- Default test -->
