<?xml version="1.0" encoding="UTF-8"?>
<testng-results ignored="0" total="6" passed="6" failed="0" skipped="0">
  <reporter-output>
  </reporter-output>
  <suite started-at="2023-07-27T00:00:18 EDT" name="Default suite" finished-at="2023-07-27T00:01:20 EDT" duration-ms="61369">
    <groups>
    </groups>
    <test started-at="2023-07-27T00:00:18 EDT" name="Default test" finished-at="2023-07-27T00:01:20 EDT" duration-ms="61369">
      <class name="com.automation.homeassignments.July_23rd_Assignment">
        <test-method is-config="true" signature="serverLevelVerifications()[pri:0, instance:com.automation.homeassignments.July_23rd_Assignment@4fb0f2b9]" started-at="2023-07-27T00:00:18 EDT" name="serverLevelVerifications" finished-at="2023-07-27T00:00:18 EDT" duration-ms="4" status="PASS">
          <reporter-output>
          </reporter-output>
        </test-method> <!-- serverLevelVerifications -->
        <test-method is-config="true" signature="setup()[pri:0, instance:com.automation.homeassignments.July_23rd_Assignment@4fb0f2b9]" started-at="2023-07-27T00:00:18 EDT" name="setup" finished-at="2023-07-27T00:00:26 EDT" duration-ms="8120" status="PASS">
          <reporter-output>
          </reporter-output>
        </test-method> <!-- setup -->
        <test-method signature="loginTestCSS1()[pri:1, instance:com.automation.homeassignments.July_23rd_Assignment@4fb0f2b9]" started-at="2023-07-27T00:00:26 EDT" name="loginTestCSS1" finished-at="2023-07-27T00:00:29 EDT" duration-ms="2447" status="PASS">
          <reporter-output>
          </reporter-output>
        </test-method> <!-- loginTestCSS1 -->
        <test-method is-config="true" signature="tearDown()[pri:0, instance:com.automation.homeassignments.July_23rd_Assignment@4fb0f2b9]" started-at="2023-07-27T00:00:29 EDT" name="tearDown" finished-at="2023-07-27T00:00:29 EDT" duration-ms="348" status="PASS">
          <reporter-output>
          </reporter-output>
        </test-method> <!-- tearDown -->
        <test-method is-config="true" signature="setup()[pri:0, instance:com.automation.homeassignments.July_23rd_Assignment@4fb0f2b9]" started-at="2023-07-27T00:00:29 EDT" name="setup" finished-at="2023-07-27T00:00:36 EDT" duration-ms="6896" status="PASS">
          <reporter-output>
          </reporter-output>
        </test-method> <!-- setup -->
        <test-method signature="loginTestCSS2()[pri:2, instance:com.automation.homeassignments.July_23rd_Assignment@4fb0f2b9]" started-at="2023-07-27T00:00:36 EDT" name="loginTestCSS2" finished-at="2023-07-27T00:00:38 EDT" duration-ms="2042" status="PASS">
          <reporter-output>
          </reporter-output>
        </test-method> <!-- loginTestCSS2 -->
        <test-method is-config="true" signature="tearDown()[pri:0, instance:com.automation.homeassignments.July_23rd_Assignment@4fb0f2b9]" started-at="2023-07-27T00:00:38 EDT" name="tearDown" finished-at="2023-07-27T00:00:38 EDT" duration-ms="356" status="PASS">
          <reporter-output>
          </reporter-output>
        </test-method> <!-- tearDown -->
        <test-method is-config="true" signature="setup()[pri:0, instance:com.automation.homeassignments.July_23rd_Assignment@4fb0f2b9]" started-at="2023-07-27T00:00:38 EDT" name="setup" finished-at="2023-07-27T00:00:46 EDT" duration-ms="7815" status="PASS">
          <reporter-output>
          </reporter-output>
        </test-method> <!-- setup -->
        <test-method signature="loginTestCSS3()[pri:3, instance:com.automation.homeassignments.July_23rd_Assignment@4fb0f2b9]" started-at="2023-07-27T00:00:46 EDT" name="loginTestCSS3" finished-at="2023-07-27T00:00:49 EDT" duration-ms="2634" status="PASS">
          <reporter-output>
          </reporter-output>
        </test-method> <!-- loginTestCSS3 -->
        <test-method is-config="true" signature="tearDown()[pri:0, instance:com.automation.homeassignments.July_23rd_Assignment@4fb0f2b9]" started-at="2023-07-27T00:00:49 EDT" name="tearDown" finished-at="2023-07-27T00:00:49 EDT" duration-ms="334" status="PASS">
          <reporter-output>
          </reporter-output>
        </test-method> <!-- tearDown -->
        <test-method is-config="true" signature="setup()[pri:0, instance:com.automation.homeassignments.July_23rd_Assignment@4fb0f2b9]" started-at="2023-07-27T00:00:49 EDT" name="setup" finished-at="2023-07-27T00:00:55 EDT" duration-ms="5639" status="PASS">
          <reporter-output>
          </reporter-output>
        </test-method> <!-- setup -->
        <test-method signature="registerTestCSS1()[pri:4, instance:com.automation.homeassignments.July_23rd_Assignment@4fb0f2b9]" started-at="2023-07-27T00:00:55 EDT" name="registerTestCSS1" finished-at="2023-07-27T00:00:57 EDT" duration-ms="2522" status="PASS">
          <reporter-output>
          </reporter-output>
        </test-method> <!-- registerTestCSS1 -->
        <test-method is-config="true" signature="tearDown()[pri:0, instance:com.automation.homeassignments.July_23rd_Assignment@4fb0f2b9]" started-at="2023-07-27T00:00:57 EDT" name="tearDown" finished-at="2023-07-27T00:00:58 EDT" duration-ms="321" status="PASS">
          <reporter-output>
          </reporter-output>
        </test-method> <!-- tearDown -->
        <test-method is-config="true" signature="setup()[pri:0, instance:com.automation.homeassignments.July_23rd_Assignment@4fb0f2b9]" started-at="2023-07-27T00:00:58 EDT" name="setup" finished-at="2023-07-27T00:01:05 EDT" duration-ms="7187" status="PASS">
          <reporter-output>
          </reporter-output>
        </test-method> <!-- setup -->
        <test-method signature="registerTestCSS2()[pri:5, instance:com.automation.homeassignments.July_23rd_Assignment@4fb0f2b9]" started-at="2023-07-27T00:01:05 EDT" name="registerTestCSS2" finished-at="2023-07-27T00:01:07 EDT" duration-ms="2224" status="PASS">
          <reporter-output>
          </reporter-output>
        </test-method> <!-- registerTestCSS2 -->
        <test-method is-config="true" signature="tearDown()[pri:0, instance:com.automation.homeassignments.July_23rd_Assignment@4fb0f2b9]" started-at="2023-07-27T00:01:07 EDT" name="tearDown" finished-at="2023-07-27T00:01:07 EDT" duration-ms="319" status="PASS">
          <reporter-output>
          </reporter-output>
        </test-method> <!-- tearDown -->
        <test-method is-config="true" signature="setup()[pri:0, instance:com.automation.homeassignments.July_23rd_Assignment@4fb0f2b9]" started-at="2023-07-27T00:01:07 EDT" name="setup" finished-at="2023-07-27T00:01:17 EDT" duration-ms="9272" status="PASS">
          <reporter-output>
          </reporter-output>
        </test-method> <!-- setup -->
        <test-method signature="registerTestCSS3()[pri:6, instance:com.automation.homeassignments.July_23rd_Assignment@4fb0f2b9]" started-at="2023-07-27T00:01:17 EDT" name="registerTestCSS3" finished-at="2023-07-27T00:01:19 EDT" duration-ms="2549" status="PASS">
          <reporter-output>
          </reporter-output>
        </test-method> <!-- registerTestCSS3 -->
        <test-method is-config="true" signature="tearDown()[pri:0, instance:com.automation.homeassignments.July_23rd_Assignment@4fb0f2b9]" started-at="2023-07-27T00:01:19 EDT" name="tearDown" finished-at="2023-07-27T00:01:20 EDT" duration-ms="314" status="PASS">
          <reporter-output>
          </reporter-output>
        </test-method> <!-- tearDown -->
      </class> <!-- com.automation.homeassignments.July_23rd_Assignment -->
    </test> <!-- Default test -->
  </suite> <!-- Default suite -->
</testng-results>
